  main.cpp
c:\users\mik\documents\cs\cs212\pa2\pa2\main.cpp(1): warning C4067: unexpected tokens following preprocessor directive - expected a newline
c:\users\mik\documents\cs\cs212\pa2\pa2\csvparser.h(174): warning C4018: '<=': signed/unsigned mismatch
c:\program files (x86)\microsoft visual studio\2017\community\vc\tools\msvc\14.11.25503\include\utility(139): warning C4244: 'initializing': conversion from 'const double' to 'int', possible loss of data
  c:\program files (x86)\microsoft visual studio\2017\community\vc\tools\msvc\14.11.25503\include\xutility(944): note: see reference to function template instantiation 'std::pair<StringGraphNode *,int>::pair<StringGraphNode*,double,void,0>(const std::pair<StringGraphNode *,double> &)' being compiled
  c:\program files (x86)\microsoft visual studio\2017\community\vc\tools\msvc\14.11.25503\include\xutility(944): note: see reference to function template instantiation 'std::pair<StringGraphNode *,int>::pair<StringGraphNode*,double,void,0>(const std::pair<StringGraphNode *,double> &)' being compiled
  c:\program files (x86)\microsoft visual studio\2017\community\vc\tools\msvc\14.11.25503\include\algorithm(2020): note: see reference to function template instantiation 'bool std::_Debug_lt_pred<_Pr&,std::pair<StringGraphNode *,double>&,std::pair<StringGraphNode *,double>&>(PairComparer&,_Ty1,_Ty2,std::_Dbfile_t,std::_Dbline_t) noexcept(false)' being compiled
          with
          [
              _Pr=PairComparer,
              _Ty1=std::pair<StringGraphNode *,double> &,
              _Ty2=std::pair<StringGraphNode *,double> &
          ]
  c:\program files (x86)\microsoft visual studio\2017\community\vc\tools\msvc\14.11.25503\include\algorithm(2151): note: see reference to function template instantiation 'void std::_Debug_heap<std::pair<StringGraphNode *,double>*,_Pr>(_RanIt,_RanIt,_Pr &)' being compiled
          with
          [
              _Pr=PairComparer,
              _RanIt=std::pair<StringGraphNode *,double> *
          ]
  c:\program files (x86)\microsoft visual studio\2017\community\vc\tools\msvc\14.11.25503\include\queue(363): note: see reference to function template instantiation 'void std::pop_heap<std::_Vector_iterator<std::_Vector_val<std::_Simple_types<_Ty>>>,_Pr>(_RanIt,_RanIt,_Pr)' being compiled
          with
          [
              _Ty=std::pair<StringGraphNode *,double>,
              _Pr=PairComparer,
              _RanIt=std::_Vector_iterator<std::_Vector_val<std::_Simple_types<std::pair<StringGraphNode *,double>>>>
          ]
  c:\program files (x86)\microsoft visual studio\2017\community\vc\tools\msvc\14.11.25503\include\queue(362): note: while compiling class template member function 'void std::priority_queue<std::pair<StringGraphNode *,double>,std::vector<std::pair<StringGraphNode *,double>,std::allocator<_Ty>>,PairComparer>::pop(void)'
          with
          [
              _Ty=std::pair<StringGraphNode *,double>
          ]
  c:\users\mik\documents\cs\cs212\pa2\pa2\campusgraph.h(71): note: see reference to function template instantiation 'void std::priority_queue<std::pair<StringGraphNode *,double>,std::vector<std::pair<StringGraphNode *,double>,std::allocator<_Ty>>,PairComparer>::pop(void)' being compiled
          with
          [
              _Ty=std::pair<StringGraphNode *,double>
          ]
  c:\users\mik\documents\cs\cs212\pa2\pa2\campusgraph.h(61): note: see reference to class template instantiation 'std::priority_queue<std::pair<StringGraphNode *,double>,std::vector<std::pair<StringGraphNode *,double>,std::allocator<_Ty>>,PairComparer>' being compiled
          with
          [
              _Ty=std::pair<StringGraphNode *,double>
          ]
  PA2.vcxproj -> C:\Users\Mik\Documents\CS\CS212\PA2\Debug\PA2.exe
